<?xml version="1.0" encoding="UTF-8"?>
<!-- Generated by org.testng.reporters.JUnitXMLReporter -->
<testsuite hostname="Rajat-t" name="FoodPanda_Chrome" tests="3" failures="0" timestamp="30 Dec 2016 12:19:47 GMT" time="31.439" errors="0">
  <testcase name="testFP" time="2.531" classname="com.test.FP.verifybasicFunctionality"/>
  <testcase name="testFP2" time="0.727" classname="com.test.FP.verifybasicFunctionality"/>
  <testcase name="testFP3" time="1.689" classname="com.test.FP.verifyloginFunctionality"/>
</testsuite> <!-- FoodPanda_Chrome -->
