<?xml version="1.0" encoding="UTF-8"?>
<!-- Generated by org.testng.reporters.JUnitXMLReporter -->
<testsuite hostname="Rajat-t" name="FoodPanda_Chrome" tests="3" failures="0" timestamp="2 Jan 2017 09:46:12 GMT" time="32.242" errors="0">
  <testcase name="testFP" time="2.556" classname="com.test.FP.verifybasicFunctionality"/>
  <testcase name="testFP2" time="0.703" classname="com.test.FP.verifybasicFunctionality"/>
  <testcase name="testFP3" time="2.649" classname="com.test.FP.verifyloginFunctionality"/>
</testsuite> <!-- FoodPanda_Chrome -->
