<?xml version="1.0" encoding="UTF-8"?>
<testng-results skipped="0" failed="0" total="2" passed="2">
  <reporter-output>
  </reporter-output>
  <suite name="FoodPanda Suite" duration-ms="29390" started-at="2016-12-29T11:59:29Z" finished-at="2016-12-29T11:59:59Z">
    <groups>
    </groups>
    <test name="FoodPanda_Chrome" duration-ms="29390" started-at="2016-12-29T11:59:29Z" finished-at="2016-12-29T11:59:59Z">
      <class name="com.test.FP.TestRun">
        <test-method status="PASS" signature="setUp()[pri:0, instance:com.test.FP.TestRun@7823a2f9]" name="setUp" is-config="true" duration-ms="14673" started-at="2016-12-29T17:29:29Z" finished-at="2016-12-29T17:29:44Z">
          <reporter-output>
          </reporter-output>
        </test-method> <!-- setUp -->
        <test-method status="PASS" signature="testFP()[pri:0, instance:com.test.FP.TestRun@7823a2f9]" name="testFP" duration-ms="3557" started-at="2016-12-29T17:29:44Z" finished-at="2016-12-29T17:29:48Z">
          <reporter-output>
          </reporter-output>
        </test-method> <!-- testFP -->
        <test-method status="PASS" signature="tearDown()[pri:0, instance:com.test.FP.TestRun@7823a2f9]" name="tearDown" is-config="true" duration-ms="1527" started-at="2016-12-29T17:29:48Z" finished-at="2016-12-29T17:29:49Z">
          <reporter-output>
          </reporter-output>
        </test-method> <!-- tearDown -->
        <test-method status="PASS" signature="setUp()[pri:0, instance:com.test.FP.TestRun@7823a2f9]" name="setUp" is-config="true" duration-ms="7408" started-at="2016-12-29T17:29:49Z" finished-at="2016-12-29T17:29:57Z">
          <reporter-output>
          </reporter-output>
        </test-method> <!-- setUp -->
        <test-method status="PASS" signature="testFP2()[pri:0, instance:com.test.FP.TestRun@7823a2f9]" name="testFP2" duration-ms="828" started-at="2016-12-29T17:29:57Z" finished-at="2016-12-29T17:29:57Z">
          <reporter-output>
          </reporter-output>
        </test-method> <!-- testFP2 -->
        <test-method status="PASS" signature="tearDown()[pri:0, instance:com.test.FP.TestRun@7823a2f9]" name="tearDown" is-config="true" duration-ms="1375" started-at="2016-12-29T17:29:57Z" finished-at="2016-12-29T17:29:59Z">
          <reporter-output>
          </reporter-output>
        </test-method> <!-- tearDown -->
      </class> <!-- com.test.FP.TestRun -->
    </test> <!-- FoodPanda_Chrome -->
  </suite> <!-- FoodPanda Suite -->
</testng-results>
